
> braccoli@0.1.0 start /home/yuvaraj/Desktop/lmnas-turbo/apps/braccoli-site-2.0
> next start

   [1m[38;2;173;127;168m▲ Next.js 15.1.11[39m[22m
   - Local:        http://localhost:3000
   - Network:      http://192.168.1.62:3000

 [32m[1m✓[22m[39m Starting...
 [32m[1m✓[22m[39m Ready in 306ms
Cache Key: footer-en-PUBLISHED
Cache Key: products-en-cpq-cloud-PUBLISHED
Cache Key: globalMeta-en-PUBLISHED
Cache Key: products-en-cpq-cloud-PUBLISHED
Cache Key: navbar-en-PUBLISHED
LdContext { locale: [32m'en'[39m, filters: { sourceId: { eq: [32m'CPQPROD01'[39m } } }
Cache Key: subtitles-en-CPQPROD01-PUBLISHED
LdContext { locale: [32m'en'[39m, filters: { sourceId: { eq: [32m'CPQPROD02'[39m } } }
Cache Key: subtitles-en-CPQPROD02-PUBLISHED
Cache Key: forms-en-PUBLISHED
Cache Key: footer-en-PUBLISHED
Cache Key: products-en-lens-erp-suite-PUBLISHED
Cache Key: navbar-en-PUBLISHED
Cache Key: globalMeta-en-PUBLISHED
Cache Key: products-en-lens-erp-suite-PUBLISHED
Cache Key: footer-en-PUBLISHED
Cache Key: products-en-crm-cloud-PUBLISHED
Cache Key: navbar-en-PUBLISHED
Cache Key: globalMeta-en-PUBLISHED
Cache Key: products-en-crm-cloud-PUBLISHED
Cache Key: footer-en-PUBLISHED
Cache Key: products-en-hrms-cloud-PUBLISHED
Cache Key: navbar-en-PUBLISHED
Cache Key: globalMeta-en-PUBLISHED
Cache Key: products-en-hrms-cloud-PUBLISHED
Cache Key: footer-en-PUBLISHED
Cache Key: products-en-analytical-cloud-PUBLISHED
Cache Key: navbar-en-PUBLISHED
Cache Key: globalMeta-en-PUBLISHED
Cache Key: products-en-analytical-cloud-PUBLISHED
Cache Key: footer-en-PUBLISHED
Cache Key: products-en-lumi-PUBLISHED
Cache Key: navbar-en-PUBLISHED
Cache Key: globalMeta-en-PUBLISHED
Cache Key: products-en-lumi-PUBLISHED
Cache Key: home-en-PUBLISHED
Cache Key: globalMeta-en-PUBLISHED
Cache Key: home-en-PUBLISHED
Cache Key: forms-en-PUBLISHED
Cache Key: forms-en-PUBLISHED
LdContext { locale: [32m'en'[39m, filters: { sourceId: { eq: [32m'CPQPROD01'[39m } } }
Cache Key: subtitles-en-CPQPROD01-PUBLISHED
LdContext { locale: [32m'en'[39m, filters: { sourceId: { eq: [32m'CPQPROD02'[39m } } }
Cache Key: subtitles-en-CPQPROD02-PUBLISHED
Cache Key: footer-de-PUBLISHED
Cache Key: products-de-cpq-cloud-PUBLISHED
Cache Key: globalMeta-de-PUBLISHED
Cache Key: products-de-cpq-cloud-PUBLISHED
Cache Key: navbar-de-PUBLISHED
Cache Key: forms-de-PUBLISHED
LdContext { locale: [32m'de'[39m, filters: { sourceId: { eq: [32m'CPQPROD01'[39m } } }
Cache Key: subtitles-de-CPQPROD01-PUBLISHED
LdContext { locale: [32m'de'[39m, filters: { sourceId: { eq: [32m'CPQPROD02'[39m } } }
Cache Key: subtitles-de-CPQPROD02-PUBLISHED
LdContext { locale: [32m'de'[39m, filters: { sourceId: { eq: [32m'CPQPROD01'[39m } } }
Cache Key: subtitles-de-CPQPROD01-PUBLISHED
LdContext { locale: [32m'de'[39m, filters: { sourceId: { eq: [32m'CPQPROD02'[39m } } }
Cache Key: subtitles-de-CPQPROD02-PUBLISHED
Cache Key: forms-de-PUBLISHED
LdContext { locale: [32m'en'[39m, filters: { sourceId: { eq: [32m'CPQPROD01'[39m } } }
Cache Key: subtitles-en-CPQPROD01-PUBLISHED
LdContext { locale: [32m'en'[39m, filters: { sourceId: { eq: [32m'CPQPROD02'[39m } } }
Cache Key: subtitles-en-CPQPROD02-PUBLISHED
Cache Key: forms-en-PUBLISHED
